<?xml version="1.0" encoding="UTF-8"?>
<testsuite xmlns:xsi="http://www.w3.org/2001/XMLSchema-instance" xsi:noNamespaceSchemaLocation="https://maven.apache.org/surefire/maven-surefire-plugin/xsd/surefire-test-report.xsd" name="BowlingMainTest" time="23.134" tests="7" errors="0" skipped="0" failures="0">
  <properties>
[...]
</properties>
  <testcase name="testIkkeFuldtSpilTreStrikesTilSidst" classname="BowlingMainTest" time="0.031"/>
  <testcase name="testFuldtSpilUdenBonusSlag" classname="BowlingMainTest" time="0"/>
  <testcase name="testWebTest" classname="BowlingMainTest" time="23.087"/>
  <testcase name="testIkkeFuldtSpilSpareEfterStrike" classname="BowlingMainTest" time="0"/>
  <testcase name="testIkkeFuldtSpilTreSpareTilSidst" classname="BowlingMainTest" time="0"/>
  <testcase name="testFuldtSpilSpareTilSidst" classname="BowlingMainTest" time="0"/>
  <testcase name="testFuldtSpilMaxScore" classname="BowlingMainTest" time="0"/>
</testsuite>